<?xml version="1.0" encoding="UTF-8"?>
<!-- Generated by org.testng.reporters.JUnitReportReporter -->
<testsuite hostname="Vinoth" failures="0" tests="5" name="com.automation.registerdemoflow.RegisterDemoFlow" time="20.457" errors="0" timestamp="2025-02-19T15:02:21 IST" skipped="0">
  <testcase classname="com.automation.registerdemoflow.RegisterDemoFlow" name="launchApplication" time="11.057"/>
  <testcase classname="com.automation.registerdemoflow.RegisterDemoFlow" name="navigationToRegisterPage" time="1.359"/>
  <testcase classname="com.automation.registerdemoflow.RegisterDemoFlow" name="registerUser" time="7.560"/>
  <testcase classname="com.automation.registerdemoflow.RegisterDemoFlow" name="verifySuccessfulMessage" time="0.139"/>
  <testcase classname="com.automation.registerdemoflow.RegisterDemoFlow" name="closeApplicaton" time="0.342"/>
</testsuite> <!-- com.automation.registerdemoflow.RegisterDemoFlow -->
